<?xml version="1.0" encoding="UTF-8"?>
<!-- Generated by org.testng.reporters.JUnitReportReporter -->
<testsuite hostname="Team22VM1" failures="0" tests="1" name="citiustech.hackaton.test.TC01.SampleLoginTest" time="26.817" errors="0" timestamp="4 Jul 2019 06:47:46 GMT">
  <testcase classname="citiustech.hackaton.test.TC01.SampleLoginTest" name="login" time="26.817"/>
</testsuite> <!-- citiustech.hackaton.test.TC01.SampleLoginTest -->
